2021-04-26 09:41:46,175:file_manager:INFO:Loding sets from: model/files/
2021-04-26 09:42:30,392:file_manager:INFO:Access to set: numbers
2021-04-26 09:42:30,392:file_manager:INFO:Access to set: uppercase
2021-04-26 09:42:30,393:file_manager:INFO:Access to set: special
2021-04-26 09:42:30,394:file_manager:INFO:Access to set: exclude
2021-04-26 09:43:15,695:file_manager:INFO:Access to set: numbers
2021-04-26 09:43:15,695:file_manager:INFO:Access to set: uppercase
2021-04-26 09:43:15,696:file_manager:INFO:Access to set: special
2021-04-26 09:43:15,697:file_manager:INFO:Access to set: exclude
2021-04-26 09:43:17,847:file_manager:INFO:Access to set: numbers
2021-04-26 09:43:17,848:file_manager:INFO:Access to set: uppercase
2021-04-26 09:43:17,848:file_manager:INFO:Access to set: special
2021-04-26 09:43:17,849:file_manager:INFO:Access to set: exclude
2021-04-26 09:43:18,605:file_manager:INFO:Access to set: numbers
2021-04-26 09:43:18,606:file_manager:INFO:Access to set: uppercase
2021-04-26 09:43:18,606:file_manager:INFO:Access to set: special
2021-04-26 09:43:18,607:file_manager:INFO:Access to set: exclude
2021-04-26 09:43:20,734:file_manager:INFO:Access to set: numbers
2021-04-26 09:43:20,734:file_manager:INFO:Access to set: uppercase
2021-04-26 09:43:20,735:file_manager:INFO:Access to set: special
2021-04-26 09:43:20,736:file_manager:INFO:Access to set: exclude
2021-04-26 09:43:23,185:file_manager:INFO:Access to set: numbers
2021-04-26 09:43:23,185:file_manager:INFO:Access to set: uppercase
2021-04-26 09:43:23,186:file_manager:INFO:Access to set: special
2021-04-26 09:43:23,187:file_manager:INFO:Access to set: exclude
2021-04-26 09:43:23,954:file_manager:INFO:Access to set: numbers
2021-04-26 09:43:23,955:file_manager:INFO:Access to set: uppercase
2021-04-26 09:43:23,955:file_manager:INFO:Access to set: special
2021-04-26 09:43:23,956:file_manager:INFO:Access to set: exclude
2021-04-26 09:43:26,203:file_manager:INFO:Access to set: numbers
2021-04-26 09:43:26,204:file_manager:INFO:Access to set: uppercase
2021-04-26 09:43:26,204:file_manager:INFO:Access to set: special
2021-04-26 09:43:26,205:file_manager:INFO:Access to set: exclude
2021-04-26 09:43:27,078:file_manager:INFO:Access to set: numbers
2021-04-26 09:43:27,078:file_manager:INFO:Access to set: uppercase
2021-04-26 09:43:27,079:file_manager:INFO:Access to set: special
2021-04-26 09:43:27,080:file_manager:INFO:Access to set: exclude
2021-04-26 09:43:28,157:file_manager:INFO:Access to set: numbers
2021-04-26 09:43:28,158:file_manager:INFO:Access to set: uppercase
2021-04-26 09:43:28,158:file_manager:INFO:Access to set: special
2021-04-26 09:43:28,159:file_manager:INFO:Access to set: exclude
2021-04-26 09:43:29,493:file_manager:INFO:Access to set: numbers
2021-04-26 09:43:29,493:file_manager:INFO:Access to set: uppercase
2021-04-26 09:43:29,494:file_manager:INFO:Access to set: special
2021-04-26 09:43:29,495:file_manager:INFO:Access to set: exclude
2021-04-26 09:43:30,211:file_manager:INFO:Access to set: numbers
2021-04-26 09:43:30,212:file_manager:INFO:Access to set: uppercase
2021-04-26 09:43:30,212:file_manager:INFO:Access to set: special
2021-04-26 09:43:30,213:file_manager:INFO:Access to set: exclude
2021-04-26 09:43:31,724:file_manager:INFO:Access to set: numbers
2021-04-26 09:43:31,724:file_manager:INFO:Access to set: uppercase
2021-04-26 09:43:31,725:file_manager:INFO:Access to set: special
2021-04-26 09:43:31,726:file_manager:INFO:Access to set: exclude
2021-04-26 09:43:40,777:file_manager:INFO:Access to set: numbers
2021-04-26 09:43:40,778:file_manager:INFO:Access to set: uppercase
2021-04-26 09:43:40,778:file_manager:INFO:Access to set: special
2021-04-26 09:43:40,779:file_manager:INFO:Access to set: exclude
2021-04-26 09:43:41,678:file_manager:INFO:Access to set: numbers
2021-04-26 09:43:41,679:file_manager:INFO:Access to set: uppercase
2021-04-26 09:43:41,679:file_manager:INFO:Access to set: special
2021-04-26 09:43:41,680:file_manager:INFO:Access to set: exclude
2021-04-26 09:43:42,390:file_manager:INFO:Access to set: numbers
2021-04-26 09:43:42,390:file_manager:INFO:Access to set: uppercase
2021-04-26 09:43:42,391:file_manager:INFO:Access to set: special
2021-04-26 09:43:42,392:file_manager:INFO:Access to set: exclude
2021-04-26 09:43:43,610:file_manager:INFO:Access to set: numbers
2021-04-26 09:43:43,611:file_manager:INFO:Access to set: uppercase
2021-04-26 09:43:43,611:file_manager:INFO:Access to set: special
2021-04-26 09:43:43,613:file_manager:INFO:Access to set: exclude
2021-04-26 09:43:44,410:file_manager:INFO:Access to set: numbers
2021-04-26 09:43:44,411:file_manager:INFO:Access to set: uppercase
2021-04-26 09:43:44,411:file_manager:INFO:Access to set: special
2021-04-26 09:43:44,412:file_manager:INFO:Access to set: exclude
2021-04-26 09:43:45,059:file_manager:INFO:Access to set: numbers
2021-04-26 09:43:45,060:file_manager:INFO:Access to set: uppercase
2021-04-26 09:43:45,060:file_manager:INFO:Access to set: special
2021-04-26 09:43:45,061:file_manager:INFO:Access to set: exclude
2021-04-26 09:43:45,700:file_manager:INFO:Access to set: numbers
2021-04-26 09:43:45,701:file_manager:INFO:Access to set: uppercase
2021-04-26 09:43:45,701:file_manager:INFO:Access to set: special
2021-04-26 09:43:45,702:file_manager:INFO:Access to set: exclude
2021-04-26 09:43:46,917:file_manager:INFO:Access to set: numbers
2021-04-26 09:43:46,918:file_manager:INFO:Access to set: uppercase
2021-04-26 09:43:46,918:file_manager:INFO:Access to set: special
2021-04-26 09:43:46,919:file_manager:INFO:Access to set: exclude
2021-04-26 09:43:48,327:file_manager:INFO:Access to set: numbers
2021-04-26 09:43:48,328:file_manager:INFO:Access to set: uppercase
2021-04-26 09:43:48,328:file_manager:INFO:Access to set: special
2021-04-26 09:43:48,329:file_manager:INFO:Access to set: exclude
2021-04-26 09:43:49,868:file_manager:INFO:Access to set: numbers
2021-04-26 09:43:49,868:file_manager:INFO:Access to set: uppercase
2021-04-26 09:43:49,869:file_manager:INFO:Access to set: special
2021-04-26 09:43:49,870:file_manager:INFO:Access to set: exclude
2021-04-26 09:43:51,281:file_manager:INFO:Access to set: numbers
2021-04-26 09:43:51,281:file_manager:INFO:Access to set: uppercase
2021-04-26 09:43:51,282:file_manager:INFO:Access to set: special
2021-04-26 09:43:51,283:file_manager:INFO:Access to set: exclude
2021-04-26 09:43:52,123:file_manager:INFO:Access to set: numbers
2021-04-26 09:43:52,124:file_manager:INFO:Access to set: uppercase
2021-04-26 09:43:52,124:file_manager:INFO:Access to set: special
2021-04-26 09:43:52,125:file_manager:INFO:Access to set: exclude
2021-04-26 09:43:52,639:file_manager:INFO:Access to set: numbers
2021-04-26 09:43:52,639:file_manager:INFO:Access to set: uppercase
2021-04-26 09:43:52,640:file_manager:INFO:Access to set: special
2021-04-26 09:43:52,641:file_manager:INFO:Access to set: exclude
2021-04-26 09:43:53,472:file_manager:INFO:Access to set: numbers
2021-04-26 09:43:53,473:file_manager:INFO:Access to set: uppercase
2021-04-26 09:43:53,473:file_manager:INFO:Access to set: special
2021-04-26 09:43:53,474:file_manager:INFO:Access to set: exclude
2021-04-26 09:43:54,375:file_manager:INFO:Access to set: numbers
2021-04-26 09:43:54,375:file_manager:INFO:Access to set: uppercase
2021-04-26 09:43:54,376:file_manager:INFO:Access to set: special
2021-04-26 09:43:54,377:file_manager:INFO:Access to set: exclude
2021-04-26 09:43:54,974:file_manager:INFO:Access to set: numbers
2021-04-26 09:43:54,974:file_manager:INFO:Access to set: uppercase
2021-04-26 09:43:54,975:file_manager:INFO:Access to set: special
2021-04-26 09:43:54,976:file_manager:INFO:Access to set: exclude
2021-04-26 09:43:55,478:file_manager:INFO:Access to set: numbers
2021-04-26 09:43:55,479:file_manager:INFO:Access to set: uppercase
2021-04-26 09:43:55,479:file_manager:INFO:Access to set: special
2021-04-26 09:43:55,480:file_manager:INFO:Access to set: exclude
2021-04-26 09:43:56,011:file_manager:INFO:Access to set: numbers
2021-04-26 09:43:56,011:file_manager:INFO:Access to set: uppercase
2021-04-26 09:43:56,012:file_manager:INFO:Access to set: special
2021-04-26 09:43:56,013:file_manager:INFO:Access to set: exclude
2021-04-26 09:43:57,127:file_manager:INFO:Access to set: numbers
2021-04-26 09:43:57,128:file_manager:INFO:Access to set: uppercase
2021-04-26 09:43:57,128:file_manager:INFO:Access to set: special
2021-04-26 09:43:57,129:file_manager:INFO:Access to set: exclude
2021-04-26 09:43:57,999:file_manager:INFO:Access to set: numbers
2021-04-26 09:43:58,000:file_manager:INFO:Access to set: uppercase
2021-04-26 09:43:58,000:file_manager:INFO:Access to set: special
2021-04-26 09:43:58,001:file_manager:INFO:Access to set: exclude
2021-04-26 09:43:59,017:file_manager:INFO:Access to set: numbers
2021-04-26 09:43:59,018:file_manager:INFO:Access to set: uppercase
2021-04-26 09:43:59,018:file_manager:INFO:Access to set: special
2021-04-26 09:43:59,019:file_manager:INFO:Access to set: exclude
2021-04-26 09:43:59,480:file_manager:INFO:Access to set: numbers
2021-04-26 09:43:59,480:file_manager:INFO:Access to set: uppercase
2021-04-26 09:43:59,481:file_manager:INFO:Access to set: special
2021-04-26 09:43:59,482:file_manager:INFO:Access to set: exclude
2021-04-26 09:44:01,400:file_manager:INFO:Access to set: numbers
2021-04-26 09:44:01,401:file_manager:INFO:Access to set: uppercase
2021-04-26 09:44:01,401:file_manager:INFO:Access to set: special
2021-04-26 09:44:01,402:file_manager:INFO:Access to set: exclude
2021-04-26 09:44:02,407:file_manager:INFO:Access to set: numbers
2021-04-26 09:44:02,408:file_manager:INFO:Access to set: uppercase
2021-04-26 09:44:02,408:file_manager:INFO:Access to set: special
2021-04-26 09:44:02,409:file_manager:INFO:Access to set: exclude
special
2021-04-26 09:44:02,409:file_manager:INFO:Access to set: exclude
special
2021-04-26 09:44:02,409:file_manager:INFO:Access to set: exclude
special
2021-04-26 09:44:02,409:file_manager:INFO:Access to set: exclude
special
2021-04-26 09:44:02,409:file_manager:INFO:Access to set: exclude
special
2021-04-26 09:44:02,409:file_manager:INFO:Access to set: exclude
special
2021-04-26 09:44:02,409:file_manager:INFO:Access to set: exclude
special
2021-04-26 09:44:02,409:file_manager:INFO:Access to set: exclude
special
2021-04-26 09:44:02,409:file_manager:INFO:Access to set: exclude
