2021-04-13 06:43:40,691:main_frame:INFO:Making window
2021-04-13 06:44:35,682:main_frame:INFO:Making window
2021-04-13 06:44:35,682:main_frame:INFO:Making window
2021-04-13 06:44:50,716:main_frame:INFO:Notifying updates to controller
2021-04-13 06:44:50,716:main_frame:INFO:Notifying updates to controller
2021-04-13 06:44:50,716:main_frame:DEBUG:sent keyword  to controller
2021-04-13 06:44:50,716:main_frame:DEBUG:sent keyword  to controller
2021-04-13 06:44:50,716:main_frame:DEBUG:sent length  to controller
2021-04-13 06:44:50,716:main_frame:DEBUG:sent length  to controller
2021-04-13 07:00:25,939:main_frame:INFO:Making window
2021-04-13 07:00:25,939:main_frame:INFO:Making window
2021-04-13 07:00:25,939:main_frame:INFO:Making window
2021-04-13 07:00:25,939:main_frame:INFO:Making window
2021-04-13 07:00:30,901:main_frame:INFO:Notifying updates to controller
2021-04-13 07:00:30,901:main_frame:INFO:Notifying updates to controller
2021-04-13 07:00:30,901:main_frame:INFO:Notifying updates to controller
2021-04-13 07:00:30,901:main_frame:INFO:Notifying updates to controller
2021-04-13 07:00:30,902:main_frame:DEBUG:sent keyword  to controller
2021-04-13 07:00:30,902:main_frame:DEBUG:sent keyword  to controller
2021-04-13 07:00:30,902:main_frame:DEBUG:sent keyword  to controller
2021-04-13 07:00:30,902:main_frame:DEBUG:sent keyword  to controller
2021-04-13 07:00:30,902:main_frame:DEBUG:sent length 12 to controller
2021-04-13 07:00:30,902:main_frame:DEBUG:sent length 12 to controller
2021-04-13 07:00:30,902:main_frame:DEBUG:sent length 12 to controller
2021-04-13 07:00:30,902:main_frame:DEBUG:sent length 12 to controller
2021-04-13 07:02:56,530:main_frame:INFO:Making window
2021-04-13 07:02:56,530:main_frame:INFO:Making window
2021-04-13 07:02:56,530:main_frame:INFO:Making window
2021-04-13 07:02:56,530:main_frame:INFO:Making window
2021-04-13 07:02:56,530:main_frame:INFO:Making window
2021-04-13 07:02:56,530:main_frame:INFO:Making window
2021-04-13 07:03:01,080:main_frame:INFO:Notifying updates to controller
2021-04-13 07:03:01,080:main_frame:INFO:Notifying updates to controller
2021-04-13 07:03:01,080:main_frame:INFO:Notifying updates to controller
2021-04-13 07:03:01,080:main_frame:INFO:Notifying updates to controller
2021-04-13 07:03:01,080:main_frame:INFO:Notifying updates to controller
2021-04-13 07:03:01,080:main_frame:INFO:Notifying updates to controller
2021-04-13 07:03:01,080:main_frame:DEBUG:sent NO keyword to controller
2021-04-13 07:03:01,080:main_frame:DEBUG:sent NO keyword to controller
2021-04-13 07:03:01,080:main_frame:DEBUG:sent NO keyword to controller
2021-04-13 07:03:01,080:main_frame:DEBUG:sent NO keyword to controller
2021-04-13 07:03:01,080:main_frame:DEBUG:sent NO keyword to controller
2021-04-13 07:03:01,080:main_frame:DEBUG:sent NO keyword to controller
2021-04-13 07:03:01,081:main_frame:DEBUG:sent length 13 to controller
2021-04-13 07:03:01,081:main_frame:DEBUG:sent length 13 to controller
2021-04-13 07:03:01,081:main_frame:DEBUG:sent length 13 to controller
2021-04-13 07:03:01,081:main_frame:DEBUG:sent length 13 to controller
2021-04-13 07:03:01,081:main_frame:DEBUG:sent length 13 to controller
2021-04-13 07:03:01,081:main_frame:DEBUG:sent length 13 to controller
2021-04-13 07:03:01,082:main_frame:INFO:Displaying new password
2021-04-13 07:03:01,082:main_frame:INFO:Displaying new password
2021-04-13 07:03:01,082:main_frame:INFO:Displaying new password
2021-04-13 07:03:01,082:main_frame:INFO:Displaying new password
2021-04-13 07:03:01,082:main_frame:INFO:Displaying new password
2021-04-13 07:03:01,082:main_frame:INFO:Displaying new password
