2021-04-30 05:01:46,784:relayer:DEBUG:keys from model: numbers,uppercase,special,exclude
2021-04-30 05:01:57,592:relayer:INFO:Acessing model sets
2021-04-30 05:01:57,594:relayer:INFO:password settings not changed
2021-04-30 05:01:57,595:relayer:INFO:Delivering new password to view
2021-04-30 05:01:58,877:relayer:INFO:Acessing model sets
2021-04-30 05:01:58,879:relayer:INFO:password settings not changed
2021-04-30 05:01:58,879:relayer:INFO:Delivering new password to view
2021-04-30 05:02:00,289:relayer:INFO:Acessing model sets
2021-04-30 05:02:00,291:relayer:INFO:password settings not changed
2021-04-30 05:02:00,291:relayer:INFO:Delivering new password to view
2021-04-30 05:02:00,936:relayer:INFO:Acessing model sets
2021-04-30 05:02:00,938:relayer:INFO:password settings not changed
2021-04-30 05:02:00,939:relayer:INFO:Delivering new password to view
2021-04-30 05:02:01,533:relayer:INFO:Acessing model sets
2021-04-30 05:02:01,534:relayer:INFO:password settings not changed
2021-04-30 05:02:01,535:relayer:INFO:Delivering new password to view
2021-04-30 05:02:02,457:relayer:INFO:Acessing model sets
2021-04-30 05:02:02,459:relayer:INFO:password settings not changed
2021-04-30 05:02:02,460:relayer:INFO:Delivering new password to view
2021-04-30 05:02:03,281:relayer:INFO:Acessing model sets
2021-04-30 05:02:03,283:relayer:INFO:password settings not changed
2021-04-30 05:02:03,284:relayer:INFO:Delivering new password to view
2021-04-30 05:02:04,274:relayer:INFO:Acessing model sets
2021-04-30 05:02:04,276:relayer:INFO:password settings not changed
2021-04-30 05:02:04,277:relayer:INFO:Delivering new password to view
2021-04-30 05:02:05,548:relayer:INFO:Acessing model sets
2021-04-30 05:02:05,549:relayer:INFO:password settings not changed
2021-04-30 05:02:05,550:relayer:INFO:Delivering new password to view
2021-04-30 05:02:06,918:relayer:INFO:Acessing model sets
2021-04-30 05:02:06,920:relayer:INFO:password settings not changed
2021-04-30 05:02:06,920:relayer:INFO:Delivering new password to view
2021-04-30 05:02:07,531:relayer:INFO:Acessing model sets
2021-04-30 05:02:07,533:relayer:INFO:password settings not changed
2021-04-30 05:02:07,533:relayer:INFO:Delivering new password to view
2021-04-30 05:02:08,053:relayer:INFO:Acessing model sets
2021-04-30 05:02:08,055:relayer:INFO:password settings not changed
2021-04-30 05:02:08,055:relayer:INFO:Delivering new password to view
2021-04-30 05:02:08,668:relayer:INFO:Acessing model sets
2021-04-30 05:02:08,670:relayer:INFO:password settings not changed
2021-04-30 05:02:08,670:relayer:INFO:Delivering new password to view
2021-04-30 05:02:10,648:relayer:INFO:Acessing model sets
2021-04-30 05:02:10,650:relayer:INFO:password settings not changed
2021-04-30 05:02:10,650:relayer:INFO:Delivering new password to view
2021-04-30 05:02:11,489:relayer:INFO:Acessing model sets
2021-04-30 05:02:11,490:relayer:INFO:password settings not changed
2021-04-30 05:02:11,491:relayer:INFO:Delivering new password to view
2021-04-30 05:02:14,516:relayer:INFO:Acessing model sets
2021-04-30 05:02:14,517:relayer:INFO:Exclude option activated
2021-04-30 05:02:14,518:relayer:INFO:password settings not changed
2021-04-30 05:02:14,518:relayer:INFO:Delivering new password to view
2021-04-30 05:02:15,148:relayer:INFO:Acessing model sets
2021-04-30 05:02:15,150:relayer:INFO:Exclude option activated
2021-04-30 05:02:15,150:relayer:INFO:password settings not changed
2021-04-30 05:02:15,150:relayer:INFO:Delivering new password to view
2021-04-30 05:02:15,825:relayer:INFO:Acessing model sets
2021-04-30 05:02:15,827:relayer:INFO:Exclude option activated
2021-04-30 05:02:15,827:relayer:INFO:password settings not changed
2021-04-30 05:02:15,828:relayer:INFO:Delivering new password to view
2021-04-30 05:02:16,483:relayer:INFO:Acessing model sets
2021-04-30 05:02:16,485:relayer:INFO:Exclude option activated
2021-04-30 05:02:16,485:relayer:INFO:password settings not changed
2021-04-30 05:02:16,486:relayer:INFO:Delivering new password to view
2021-04-30 05:02:17,543:relayer:INFO:Acessing model sets
2021-04-30 05:02:17,545:relayer:INFO:Exclude option activated
2021-04-30 05:02:17,545:relayer:INFO:password settings not changed
2021-04-30 05:02:17,546:relayer:INFO:Delivering new password to view
2021-04-30 05:02:19,127:relayer:INFO:Acessing model sets
2021-04-30 05:02:19,129:relayer:INFO:Exclude option activated
2021-04-30 05:02:19,129:relayer:INFO:password settings not changed
2021-04-30 05:02:19,130:relayer:INFO:Delivering new password to view
2021-04-30 05:02:20,711:relayer:INFO:Acessing model sets
2021-04-30 05:02:20,713:relayer:INFO:Exclude option activated
2021-04-30 05:02:20,713:relayer:INFO:password settings not changed
2021-04-30 05:02:20,714:relayer:INFO:Delivering new password to view
2021-04-30 05:02:21,669:relayer:INFO:Acessing model sets
2021-04-30 05:02:21,671:relayer:INFO:Exclude option activated
2021-04-30 05:02:21,671:relayer:INFO:password settings not changed
2021-04-30 05:02:21,672:relayer:INFO:Delivering new password to view
2021-04-30 05:02:22,679:relayer:INFO:Acessing model sets
2021-04-30 05:02:22,681:relayer:INFO:Exclude option activated
2021-04-30 05:02:22,681:relayer:INFO:password settings not changed
2021-04-30 05:02:22,682:relayer:INFO:Delivering new password to view
2021-04-30 05:02:24,307:relayer:INFO:Acessing model sets
2021-04-30 05:02:24,308:relayer:INFO:Exclude option activated
2021-04-30 05:02:24,309:relayer:INFO:password settings not changed
2021-04-30 05:02:24,309:relayer:INFO:Delivering new password to view
2021-04-30 05:02:24,947:relayer:INFO:Acessing model sets
2021-04-30 05:02:24,948:relayer:INFO:Exclude option activated
2021-04-30 05:02:24,949:relayer:INFO:password settings not changed
2021-04-30 05:02:24,949:relayer:INFO:Delivering new password to view
2021-04-30 05:02:25,697:relayer:INFO:Acessing model sets
2021-04-30 05:02:25,699:relayer:INFO:Exclude option activated
2021-04-30 05:02:25,700:relayer:INFO:password settings not changed
2021-04-30 05:02:25,700:relayer:INFO:Delivering new password to view
2021-04-30 05:02:26,639:relayer:INFO:Acessing model sets
2021-04-30 05:02:26,641:relayer:INFO:Exclude option activated
2021-04-30 05:02:26,641:relayer:INFO:password settings not changed
2021-04-30 05:02:26,642:relayer:INFO:Delivering new password to view
2021-04-30 05:02:28,385:relayer:INFO:Acessing model sets
2021-04-30 05:02:28,387:relayer:INFO:Exclude option activated
2021-04-30 05:02:28,387:relayer:INFO:password settings not changed
2021-04-30 05:02:28,388:relayer:INFO:Delivering new password to view
2021-04-30 05:02:29,082:relayer:INFO:Acessing model sets
2021-04-30 05:02:29,083:relayer:INFO:Exclude option activated
2021-04-30 05:02:29,084:relayer:INFO:password settings not changed
2021-04-30 05:02:29,084:relayer:INFO:Delivering new password to view
2021-04-30 05:02:30,449:relayer:INFO:Acessing model sets
2021-04-30 05:02:30,451:relayer:INFO:Exclude option activated
2021-04-30 05:02:30,451:relayer:INFO:password settings not changed
2021-04-30 05:02:30,452:relayer:INFO:Delivering new password to view
2021-04-30 05:02:30,912:relayer:INFO:Acessing model sets
2021-04-30 05:02:30,914:relayer:INFO:Exclude option activated
2021-04-30 05:02:30,914:relayer:INFO:password settings not changed
2021-04-30 05:02:30,915:relayer:INFO:Delivering new password to view
2021-04-30 05:02:35,921:relayer:INFO:Acessing model sets
2021-04-30 05:02:35,922:relayer:INFO:password settings not changed
2021-04-30 05:02:35,923:relayer:INFO:Delivering new password to view
2021-04-30 05:02:36,388:relayer:INFO:Acessing model sets
2021-04-30 05:02:36,390:relayer:INFO:password settings not changed
2021-04-30 05:02:36,390:relayer:INFO:Delivering new password to view
2021-04-30 05:02:36,752:relayer:INFO:Acessing model sets
2021-04-30 05:02:36,753:relayer:INFO:password settings not changed
2021-04-30 05:02:36,754:relayer:INFO:Delivering new password to view
2021-04-30 05:02:37,421:relayer:INFO:Acessing model sets
2021-04-30 05:02:37,423:relayer:INFO:password settings not changed
2021-04-30 05:02:37,424:relayer:INFO:Delivering new password to view
2021-04-30 05:02:40,837:relayer:INFO:Acessing model sets
2021-04-30 05:02:40,839:relayer:INFO:Exclude option activated
2021-04-30 05:02:40,839:relayer:INFO:password settings not changed
2021-04-30 05:02:40,840:relayer:INFO:Delivering new password to view
2021-04-30 05:02:41,445:relayer:INFO:Acessing model sets
2021-04-30 05:02:41,447:relayer:INFO:Exclude option activated
2021-04-30 05:02:41,447:relayer:INFO:password settings not changed
2021-04-30 05:02:41,448:relayer:INFO:Delivering new password to view
2021-04-30 05:02:42,403:relayer:INFO:Acessing model sets
2021-04-30 05:02:42,405:relayer:INFO:Exclude option activated
2021-04-30 05:02:42,405:relayer:INFO:password settings not changed
2021-04-30 05:02:42,406:relayer:INFO:Delivering new password to view
2021-04-30 05:02:42,999:relayer:INFO:Acessing model sets
2021-04-30 05:02:43,001:relayer:INFO:Exclude option activated
2021-04-30 05:02:43,001:relayer:INFO:password settings not changed
2021-04-30 05:02:43,002:relayer:INFO:Delivering new password to view
2021-04-30 05:02:43,642:relayer:INFO:Acessing model sets
2021-04-30 05:02:43,643:relayer:INFO:Exclude option activated
2021-04-30 05:02:43,644:relayer:INFO:password settings not changed
2021-04-30 05:02:43,644:relayer:INFO:Delivering new password to view
2021-04-30 05:02:44,316:relayer:INFO:Acessing model sets
2021-04-30 05:02:44,317:relayer:INFO:Exclude option activated
2021-04-30 05:02:44,318:relayer:INFO:password settings not changed
2021-04-30 05:02:44,318:relayer:INFO:Delivering new password to view
2021-04-30 05:02:45,572:relayer:INFO:Acessing model sets
2021-04-30 05:02:45,573:relayer:INFO:Exclude option activated
2021-04-30 05:02:45,574:relayer:INFO:password settings not changed
2021-04-30 05:02:45,574:relayer:INFO:Delivering new password to view
2021-04-30 05:02:46,345:relayer:INFO:Acessing model sets
2021-04-30 05:02:46,347:relayer:INFO:Exclude option activated
2021-04-30 05:02:46,347:relayer:INFO:password settings not changed
2021-04-30 05:02:46,348:relayer:INFO:Delivering new password to view
2021-04-30 05:02:47,029:relayer:INFO:Acessing model sets
2021-04-30 05:02:47,030:relayer:INFO:Exclude option activated
2021-04-30 05:02:47,031:relayer:INFO:password settings not changed
2021-04-30 05:02:47,031:relayer:INFO:Delivering new password to view
2021-04-30 05:02:47,598:relayer:INFO:Acessing model sets
2021-04-30 05:02:47,600:relayer:INFO:Exclude option activated
2021-04-30 05:02:47,600:relayer:INFO:password settings not changed
2021-04-30 05:02:47,601:relayer:INFO:Delivering new password to view
2021-04-30 05:02:47,989:relayer:INFO:Acessing model sets
2021-04-30 05:02:47,991:relayer:INFO:Exclude option activated
2021-04-30 05:02:47,992:relayer:INFO:password settings not changed
2021-04-30 05:02:47,992:relayer:INFO:Delivering new password to view
2021-04-30 05:02:48,382:relayer:INFO:Acessing model sets
2021-04-30 05:02:48,384:relayer:INFO:Exclude option activated
2021-04-30 05:02:48,384:relayer:INFO:password settings not changed
2021-04-30 05:02:48,384:relayer:INFO:Delivering new password to view
2021-04-30 05:02:48,789:relayer:INFO:Acessing model sets
2021-04-30 05:02:48,790:relayer:INFO:Exclude option activated
2021-04-30 05:02:48,791:relayer:INFO:password settings not changed
2021-04-30 05:02:48,791:relayer:INFO:Delivering new password to view
2021-04-30 05:02:49,140:relayer:INFO:Acessing model sets
2021-04-30 05:02:49,141:relayer:INFO:Exclude option activated
2021-04-30 05:02:49,142:relayer:INFO:password settings not changed
2021-04-30 05:02:49,142:relayer:INFO:Delivering new password to view
2021-04-30 05:02:49,767:relayer:INFO:Acessing model sets
2021-04-30 05:02:49,768:relayer:INFO:Exclude option activated
2021-04-30 05:02:49,769:relayer:INFO:password settings not changed
2021-04-30 05:02:49,769:relayer:INFO:Delivering new password to view
2021-04-30 05:02:51,904:relayer:INFO:Acessing model sets
2021-04-30 05:02:51,905:relayer:INFO:Exclude option activated
2021-04-30 05:02:51,906:relayer:INFO:password settings not changed
2021-04-30 05:02:51,906:relayer:INFO:Delivering new password to view
2021-04-30 05:03:01,798:relayer:INFO:Acessing model sets
2021-04-30 05:03:01,800:relayer:INFO:Exclude option activated
2021-04-30 05:03:01,800:relayer:INFO:password settings not changed
2021-04-30 05:03:01,801:relayer:INFO:Delivering new password to view
2021-04-30 05:03:02,711:relayer:INFO:Acessing model sets
2021-04-30 05:03:02,713:relayer:INFO:Exclude option activated
2021-04-30 05:03:02,713:relayer:INFO:password settings not changed
2021-04-30 05:03:02,714:relayer:INFO:Delivering new password to view
2021-04-30 05:03:03,570:relayer:INFO:Acessing model sets
2021-04-30 05:03:03,572:relayer:INFO:Exclude option activated
2021-04-30 05:03:03,572:relayer:INFO:password settings not changed
2021-04-30 05:03:03,573:relayer:INFO:Delivering new password to view
2021-04-30 05:03:05,018:relayer:INFO:Acessing model sets
2021-04-30 05:03:05,020:relayer:INFO:Exclude option activated
2021-04-30 05:03:05,020:relayer:INFO:password settings not changed
2021-04-30 05:03:05,021:relayer:INFO:Delivering new password to view
2021-04-30 05:03:14,648:relayer:INFO:Acessing model sets
2021-04-30 05:03:14,650:relayer:INFO:Exclude option activated
2021-04-30 05:03:14,651:relayer:INFO:password settings not changed
2021-04-30 05:03:14,651:relayer:INFO:Delivering new password to view
2021-04-30 05:03:15,039:relayer:INFO:Acessing model sets
2021-04-30 05:03:15,041:relayer:INFO:Exclude option activated
2021-04-30 05:03:15,041:relayer:INFO:password settings not changed
2021-04-30 05:03:15,042:relayer:INFO:Delivering new password to view
2021-04-30 05:03:15,489:relayer:INFO:Acessing model sets
2021-04-30 05:03:15,491:relayer:INFO:Exclude option activated
2021-04-30 05:03:15,491:relayer:INFO:password settings not changed
2021-04-30 05:03:15,492:relayer:INFO:Delivering new password to view
2021-04-30 05:03:16,084:relayer:INFO:Acessing model sets
2021-04-30 05:03:16,086:relayer:INFO:Exclude option activated
2021-04-30 05:03:16,086:relayer:INFO:password settings not changed
2021-04-30 05:03:16,087:relayer:INFO:Delivering new password to view
2021-04-30 05:03:17,095:relayer:INFO:Acessing model sets
2021-04-30 05:03:17,097:relayer:INFO:Exclude option activated
2021-04-30 05:03:17,097:relayer:INFO:password settings not changed
2021-04-30 05:03:17,098:relayer:INFO:Delivering new password to view
2021-04-30 05:03:17,482:relayer:INFO:Acessing model sets
2021-04-30 05:03:17,484:relayer:INFO:Exclude option activated
2021-04-30 05:03:17,484:relayer:INFO:password settings not changed
2021-04-30 05:03:17,485:relayer:INFO:Delivering new password to view
2021-04-30 05:03:17,777:relayer:INFO:Acessing model sets
2021-04-30 05:03:17,779:relayer:INFO:Exclude option activated
2021-04-30 05:03:17,779:relayer:INFO:password settings not changed
2021-04-30 05:03:17,780:relayer:INFO:Delivering new password to view
2021-04-30 05:03:18,068:relayer:INFO:Acessing model sets
2021-04-30 05:03:18,070:relayer:INFO:Exclude option activated
2021-04-30 05:03:18,070:relayer:INFO:password settings not changed
2021-04-30 05:03:18,071:relayer:INFO:Delivering new password to view
2021-04-30 05:03:18,351:relayer:INFO:Acessing model sets
2021-04-30 05:03:18,353:relayer:INFO:Exclude option activated
2021-04-30 05:03:18,353:relayer:INFO:password settings not changed
2021-04-30 05:03:18,354:relayer:INFO:Delivering new password to view
2021-04-30 05:03:18,675:relayer:INFO:Acessing model sets
2021-04-30 05:03:18,677:relayer:INFO:Exclude option activated
2021-04-30 05:03:18,677:relayer:INFO:password settings not changed
2021-04-30 05:03:18,678:relayer:INFO:Delivering new password to view
2021-04-30 05:03:18,939:relayer:INFO:Acessing model sets
2021-04-30 05:03:18,941:relayer:INFO:Exclude option activated
2021-04-30 05:03:18,941:relayer:INFO:password settings not changed
2021-04-30 05:03:18,942:relayer:INFO:Delivering new password to view
2021-04-30 05:03:19,234:relayer:INFO:Acessing model sets
2021-04-30 05:03:19,236:relayer:INFO:Exclude option activated
2021-04-30 05:03:19,236:relayer:INFO:password settings not changed
2021-04-30 05:03:19,237:relayer:INFO:Delivering new password to view
2021-04-30 05:03:19,813:relayer:INFO:Acessing model sets
2021-04-30 05:03:19,815:relayer:INFO:Exclude option activated
2021-04-30 05:03:19,815:relayer:INFO:password settings not changed
2021-04-30 05:03:19,816:relayer:INFO:Delivering new password to view
2021-04-30 05:03:20,810:relayer:INFO:Acessing model sets
2021-04-30 05:03:20,811:relayer:INFO:Exclude option activated
2021-04-30 05:03:20,812:relayer:INFO:password settings not changed
2021-04-30 05:03:20,812:relayer:INFO:Delivering new password to view
2021-04-30 05:03:21,394:relayer:INFO:Acessing model sets
2021-04-30 05:03:21,396:relayer:INFO:Exclude option activated
2021-04-30 05:03:21,397:relayer:INFO:password settings not changed
2021-04-30 05:03:21,397:relayer:INFO:Delivering new password to view
2021-04-30 05:03:22,076:relayer:INFO:Acessing model sets
2021-04-30 05:03:22,077:relayer:INFO:Exclude option activated
2021-04-30 05:03:22,078:relayer:INFO:password settings not changed
2021-04-30 05:03:22,078:relayer:INFO:Delivering new password to view
2021-04-30 05:03:25,060:relayer:INFO:Acessing model sets
2021-04-30 05:03:25,062:relayer:INFO:Exclude option activated
2021-04-30 05:03:25,062:relayer:INFO:password settings not changed
2021-04-30 05:03:25,063:relayer:INFO:Delivering new password to view
2021-04-30 05:03:25,545:relayer:INFO:Acessing model sets
2021-04-30 05:03:25,547:relayer:INFO:Exclude option activated
2021-04-30 05:03:25,548:relayer:INFO:password settings not changed
2021-04-30 05:03:25,548:relayer:INFO:Delivering new password to view
2021-04-30 05:03:25,921:relayer:INFO:Acessing model sets
2021-04-30 05:03:25,922:relayer:INFO:Exclude option activated
2021-04-30 05:03:25,923:relayer:INFO:password settings not changed
2021-04-30 05:03:25,923:relayer:INFO:Delivering new password to view
2021-04-30 05:03:26,383:relayer:INFO:Acessing model sets
2021-04-30 05:03:26,384:relayer:INFO:Exclude option activated
2021-04-30 05:03:26,385:relayer:INFO:password settings not changed
2021-04-30 05:03:26,385:relayer:INFO:Delivering new password to view
2021-04-30 05:03:26,913:relayer:INFO:Acessing model sets
2021-04-30 05:03:26,914:relayer:INFO:Exclude option activated
2021-04-30 05:03:26,915:relayer:INFO:password settings not changed
2021-04-30 05:03:26,915:relayer:INFO:Delivering new password to view
2021-04-30 05:03:27,470:relayer:INFO:Acessing model sets
2021-04-30 05:03:27,472:relayer:INFO:Exclude option activated
2021-04-30 05:03:27,472:relayer:INFO:password settings not changed
2021-04-30 05:03:27,473:relayer:INFO:Delivering new password to view
2021-04-30 05:03:28,749:relayer:INFO:Acessing model sets
2021-04-30 05:03:28,751:relayer:INFO:Exclude option activated
2021-04-30 05:03:28,751:relayer:INFO:password settings not changed
2021-04-30 05:03:28,752:relayer:INFO:Delivering new password to view
2021-04-30 05:03:29,017:relayer:INFO:Acessing model sets
2021-04-30 05:03:29,019:relayer:INFO:Exclude option activated
2021-04-30 05:03:29,019:relayer:INFO:password settings not changed
2021-04-30 05:03:29,020:relayer:INFO:Delivering new password to view
2021-04-30 05:03:29,480:relayer:INFO:Acessing model sets
2021-04-30 05:03:29,482:relayer:INFO:Exclude option activated
2021-04-30 05:03:29,482:relayer:INFO:password settings not changed
2021-04-30 05:03:29,483:relayer:INFO:Delivering new password to view
2021-04-30 05:03:30,109:relayer:INFO:Acessing model sets
2021-04-30 05:03:30,110:relayer:INFO:Exclude option activated
2021-04-30 05:03:30,111:relayer:INFO:password settings not changed
2021-04-30 05:03:30,111:relayer:INFO:Delivering new password to view
2021-04-30 05:03:30,466:relayer:INFO:Acessing model sets
2021-04-30 05:03:30,468:relayer:INFO:Exclude option activated
2021-04-30 05:03:30,468:relayer:INFO:password settings not changed
2021-04-30 05:03:30,469:relayer:INFO:Delivering new password to view
2021-04-30 05:03:30,907:relayer:INFO:Acessing model sets
2021-04-30 05:03:30,909:relayer:INFO:Exclude option activated
2021-04-30 05:03:30,910:relayer:INFO:password settings not changed
2021-04-30 05:03:30,910:relayer:INFO:Delivering new password to view
2021-04-30 05:03:31,280:relayer:INFO:Acessing model sets
2021-04-30 05:03:31,281:relayer:INFO:Exclude option activated
2021-04-30 05:03:31,282:relayer:INFO:password settings not changed
2021-04-30 05:03:31,282:relayer:INFO:Delivering new password to view
2021-04-30 05:03:32,454:relayer:INFO:Acessing model sets
2021-04-30 05:03:32,456:relayer:INFO:Exclude option activated
2021-04-30 05:03:32,456:relayer:INFO:password settings not changed
2021-04-30 05:03:32,456:relayer:INFO:Delivering new password to view
2021-04-30 05:03:32,954:relayer:INFO:Acessing model sets
2021-04-30 05:03:32,956:relayer:INFO:Exclude option activated
2021-04-30 05:03:32,956:relayer:INFO:password settings not changed
2021-04-30 05:03:32,957:relayer:INFO:Delivering new password to view
2021-04-30 05:03:33,966:relayer:INFO:Acessing model sets
2021-04-30 05:03:33,968:relayer:INFO:Exclude option activated
2021-04-30 05:03:33,968:relayer:INFO:password settings not changed
2021-04-30 05:03:33,969:relayer:INFO:Delivering new password to view
2021-04-30 05:03:34,248:relayer:INFO:Acessing model sets
2021-04-30 05:03:34,250:relayer:INFO:Exclude option activated
2021-04-30 05:03:34,250:relayer:INFO:password settings not changed
2021-04-30 05:03:34,251:relayer:INFO:Delivering new password to view
2021-04-30 05:03:34,500:relayer:INFO:Acessing model sets
2021-04-30 05:03:34,502:relayer:INFO:Exclude option activated
2021-04-30 05:03:34,503:relayer:INFO:password settings not changed
2021-04-30 05:03:34,503:relayer:INFO:Delivering new password to view
2021-04-30 05:03:45,129:relayer:INFO:Acessing model sets
2021-04-30 05:03:45,131:relayer:INFO:Exclude option activated
2021-04-30 05:03:45,131:relayer:INFO:password settings not changed
2021-04-30 05:03:45,132:relayer:INFO:Delivering new password to view
2021-04-30 05:03:45,776:relayer:INFO:Acessing model sets
2021-04-30 05:03:45,778:relayer:INFO:Exclude option activated
2021-04-30 05:03:45,779:relayer:INFO:password settings not changed
2021-04-30 05:03:45,779:relayer:INFO:Delivering new password to view
2021-04-30 05:03:46,840:relayer:INFO:Acessing model sets
2021-04-30 05:03:46,842:relayer:INFO:Exclude option activated
2021-04-30 05:03:46,842:relayer:INFO:password settings not changed
2021-04-30 05:03:46,843:relayer:INFO:Delivering new password to view
2021-04-30 05:03:47,563:relayer:INFO:Acessing model sets
2021-04-30 05:03:47,565:relayer:INFO:Exclude option activated
2021-04-30 05:03:47,565:relayer:INFO:password settings not changed
2021-04-30 05:03:47,566:relayer:INFO:Delivering new password to view
15:relayer:INFO:Delivering new password to view
2021-04-30 05:03:27,470:relayer:INFO:Acessing model sets
2021-04-30 05:03:27,472:relayer:INFO:Exclude option activated
2021-04-30 05:03:27,472:relayer:INFO:password settings not changed
2021-04-30 05:03:27,473:relayer:INFO:Delivering new password to view
2021-04-30 05:03:28,749:relayer:INFO:Acessing model sets
2021-04-30 05:03:28,751:relayer:INFO:Exclude option activated
2021-04-30 05:03:28,751:relayer:INFO:password settings not changed
2021-04-30 05:03:28,752:relayer:INFO:Delivering new password to view
2021-04-30 05:03:29,017:relayer:INFO:Acessing model sets
2021-04-30 05:03:29,019:relayer:INFO:Exclude option activated
2021-04-30 05:03:29,019:relayer:INFO:password settings not changed
2021-04-30 05:03:29,020:relayer:INFO:Delivering new password to view
2021-04-30 05:03:29,480:relayer:INFO:Acessing model sets
2021-04-30 05:03:29,482:relayer:INFO:Exclude option activated
2021-04-30 05:03:29,482:relayer:INFO:password settings not changed
2021-04-30 05:03:29,483:relayer:INFO:Delivering new password to view
2021-04-30 05:03:30,109:relayer:INFO:Acessing model sets
2021-04-30 05:03:30,110:relayer:INFO:Exclude option activated
2021-04-30 05:03:30,111:relayer:INFO:password settings not changed
2021-04-30 05:03:30,111:relayer:INFO:Delivering new password to view
2021-04-30 05:03:30,466:relayer:INFO:Acessing model sets
2021-04-30 05:03:30,468:relayer:INFO:Exclude option activated
2021-04-30 05:03:30,468:relayer:INFO:password settings not changed
2021-04-30 05:03:30,469:relayer:INFO:Delivering new password to view
2021-04-30 05:03:30,907:relayer:INFO:Acessing model sets
2021-04-30 05:03:30,909:relayer:INFO:Exclude option activated
2021-04-30 05:03:30,910:relayer:INFO:password settings not changed
2021-04-30 05:03:30,910:relayer:INFO:Delivering new password to view
2021-04-30 05:03:31,280:relayer:INFO:Acessing model sets
2021-04-30 05:03:31,281:relayer:INFO:Exclude option activated
2021-04-30 05:03:31,282:relayer:INFO:password settings not changed
2021-04-30 05:03:31,282:relayer:INFO:Delivering new password to view
2021-04-30 05:03:32,454:relayer:INFO:Acessing model sets
2021-04-30 05:03:32,456:relayer:INFO:Exclude option activated
2021-04-30 05:03:32,456:relayer:INFO:password settings not changed
2021-04-30 05:03:32,456:relayer:INFO:Delivering new password to view
2021-04-30 05:03:32,954:relayer:INFO:Acessing model sets
2021-04-30 05:03:32,956:relayer:INFO:Exclude option activated
2021-04-30 05:03:32,956:relayer:INFO:password settings not changed
2021-04-30 05:03:32,957:relayer:INFO:Delivering new password to view
2021-04-30 05:03:33,966:relayer:INFO:Acessing model sets
2021-04-30 05:03:33,968:relayer:INFO:Exclude option activated
2021-04-30 05:03:33,968:relayer:INFO:password settings not changed
2021-04-30 05:03:33,969:relayer:INFO:Delivering new password to view
2021-04-30 05:03:34,248:relayer:INFO:Acessing model sets
2021-04-30 05:03:34,250:relayer:INFO:Exclude option activated
2021-04-30 05:03:34,250:relayer:INFO:password settings not changed
2021-04-30 05:03:34,251:relayer:INFO:Delivering new password to view
2021-04-30 05:03:34,500:relayer:INFO:Acessing model sets
2021-04-30 05:03:34,502:relayer:INFO:Exclude option activated
2021-04-30 05:03:34,503:relayer:INFO:password settings not changed
2021-04-30 05:03:34,503:relayer:INFO:Delivering new password to view
2021-04-30 05:03:45,129:relayer:INFO:Acessing model sets
2021-04-30 05:03:45,131:relayer:INFO:Exclude option activated
2021-04-30 05:03:45,131:relayer:INFO:password settings not changed
2021-04-30 05:03:45,132:relayer:INFO:Delivering new password to view
2021-04-30 05:03:45,776:relayer:INFO:Acessing model sets
2021-04-30 05:03:45,778:relayer:INFO:Exclude option activated
2021-04-30 05:03:45,779:relayer:INFO:password settings not changed
2021-04-30 05:03:45,779:relayer:INFO:Delivering new password to view
2021-04-30 05:03:46,840:relayer:INFO:Acessing model sets
2021-04-30 05:03:46,842:relayer:INFO:Exclude option activated
2021-04-30 05:03:46,842:relayer:INFO:password settings not changed
2021-04-30 05:03:46,843:relayer:INFO:Delivering new password to view
2021-04-30 05:03:47,563:relayer:INFO:Acessing model sets
2021-04-30 05:03:47,565:relayer:INFO:Exclude option activated
2021-04-30 05:03:47,565:relayer:INFO:password settings not changed
2021-04-30 05:03:47,566:relayer:INFO:Delivering new password to view
ed
2021-04-30 05:02:15,150:relayer:INFO:password settings not changed
2021-04-30 05:02:15,150:relayer:INFO:Delivering new password to view
2021-04-30 05:02:15,825:relayer:INFO:Acessing model sets
2021-04-30 05:02:15,827:relayer:INFO:Exclude option activated
2021-04-30 05:02:15,827:relayer:INFO:password settings not changed
2021-04-30 05:02:15,828:relayer:INFO:Delivering new password to view
2021-04-30 05:02:16,483:relayer:INFO:Acessing model sets
2021-04-30 05:02:16,485:relayer:INFO:Exclude option activated
2021-04-30 05:02:16,485:relayer:INFO:password settings not changed
2021-04-30 05:02:16,486:relayer:INFO:Delivering new password to view
2021-04-30 05:02:17,543:relayer:INFO:Acessing model sets
2021-04-30 05:02:17,545:relayer:INFO:Exclude option activated
2021-04-30 05:02:17,545:relayer:INFO:password settings not changed
2021-04-30 05:02:17,546:relayer:INFO:Delivering new password to view
2021-04-30 05:02:19,127:relayer:INFO:Acessing model sets
2021-04-30 05:02:19,129:relayer:INFO:Exclude option activated
2021-04-30 05:02:19,129:relayer:INFO:password settings not changed
2021-04-30 05:02:19,130:relayer:INFO:Delivering new password to view
2021-04-30 05:02:20,711:relayer:INFO:Acessing model sets
2021-04-30 05:02:20,713:relayer:INFO:Exclude option activated
2021-04-30 05:02:20,713:relayer:INFO:password settings not changed
2021-04-30 05:02:20,714:relayer:INFO:Delivering new password to view
2021-04-30 05:02:21,669:relayer:INFO:Acessing model sets
2021-04-30 05:02:21,671:relayer:INFO:Exclude option activated
2021-04-30 05:02:21,671:relayer:INFO:password settings not changed
2021-04-30 05:02:21,672:relayer:INFO:Delivering new password to view
2021-04-30 05:02:22,679:relayer:INFO:Acessing model sets
2021-04-30 05:02:22,681:relayer:INFO:Exclude option activated
2021-04-30 05:02:22,681:relayer:INFO:password settings not changed
2021-04-30 05:02:22,682:relayer:INFO:Delivering new password to view
2021-04-30 05:02:24,307:relayer:INFO:Acessing model sets
2021-04-30 05:02:24,308:relayer:INFO:Exclude option activated
2021-04-30 05:02:24,309:relayer:INFO:password settings not changed
2021-04-30 05:02:24,309:relayer:INFO:Delivering new password to view
2021-04-30 05:02:24,947:relayer:INFO:Acessing model sets
2021-04-30 05:02:24,948:relayer:INFO:Exclude option activated
2021-04-30 05:02:24,949:relayer:INFO:password settings not changed
2021-04-30 05:02:24,949:relayer:INFO:Delivering new password to view
2021-04-30 05:02:25,697:relayer:INFO:Acessing model sets
2021-04-30 05:02:25,699:relayer:INFO:Exclude option activated
2021-04-30 05:02:25,700:relayer:INFO:password settings not changed
2021-04-30 05:02:25,700:relayer:INFO:Delivering new password to view
2021-04-30 05:02:26,639:relayer:INFO:Acessing model sets
2021-04-30 05:02:26,641:relayer:INFO:Exclude option activated
2021-04-30 05:02:26,641:relayer:INFO:password settings not changed
2021-04-30 05:02:26,642:relayer:INFO:Delivering new password to view
2021-04-30 05:02:28,385:relayer:INFO:Acessing model sets
2021-04-30 05:02:28,387:relayer:INFO:Exclude option activated
2021-04-30 05:02:28,387:relayer:INFO:password settings not changed
2021-04-30 05:02:28,388:relayer:INFO:Delivering new password to view
2021-04-30 05:02:29,082:relayer:INFO:Acessing model sets
2021-04-30 05:02:29,083:relayer:INFO:Exclude option activated
2021-04-30 05:02:29,084:relayer:INFO:password settings not changed
2021-04-30 05:02:29,084:relayer:INFO:Delivering new password to view
2021-04-30 05:02:30,449:relayer:INFO:Acessing model sets
2021-04-30 05:02:30,451:relayer:INFO:Exclude option activated
2021-04-30 05:02:30,451:relayer:INFO:password settings not changed
2021-04-30 05:02:30,452:relayer:INFO:Delivering new password to view
2021-04-30 05:02:30,912:relayer:INFO:Acessing model sets
2021-04-30 05:02:30,914:relayer:INFO:Exclude option activated
2021-04-30 05:02:30,914:relayer:INFO:password settings not changed
2021-04-30 05:02:30,915:relayer:INFO:Delivering new password to view
2021-04-30 05:02:35,921:relayer:INFO:Acessing model sets
2021-04-30 05:02:35,922:relayer:INFO:password settings not changed
2021-04-30 05:02:35,923:relayer:INFO:Delivering new password to view
2021-04-30 05:02:36,388:relayer:INFO:Acessing model sets
2021-04-30 05:02:36,390:relayer:INFO:password settings not changed
2021-04-30 05:02:36,390:relayer:INFO:Delivering new password to view
2021-04-30 05:02:36,752:relayer:INFO:Acessing model sets
2021-04-30 05:02:36,753:relayer:INFO:password settings not changed
2021-04-30 05:02:36,754:relayer:INFO:Delivering new password to view
2021-04-30 05:02:37,421:relayer:INFO:Acessing model sets
2021-04-30 05:02:37,423:relayer:INFO:password settings not changed
2021-04-30 05:02:37,424:relayer:INFO:Delivering new password to view
2021-04-30 05:02:40,837:relayer:INFO:Acessing model sets
2021-04-30 05:02:40,839:relayer:INFO:Exclude option activated
2021-04-30 05:02:40,839:relayer:INFO:password settings not changed
2021-04-30 05:02:40,840:relayer:INFO:Delivering new password to view
2021-04-30 05:02:41,445:relayer:INFO:Acessing model sets
2021-04-30 05:02:41,447:relayer:INFO:Exclude option activated
2021-04-30 05:02:41,447:relayer:INFO:password settings not changed
2021-04-30 05:02:41,448:relayer:INFO:Delivering new password to view
2021-04-30 05:02:42,403:relayer:INFO:Acessing model sets
2021-04-30 05:02:42,405:relayer:INFO:Exclude option activated
2021-04-30 05:02:42,405:relayer:INFO:password settings not changed
2021-04-30 05:02:42,406:relayer:INFO:Delivering new password to view
2021-04-30 05:02:42,999:relayer:INFO:Acessing model sets
2021-04-30 05:02:43,001:relayer:INFO:Exclude option activated
2021-04-30 05:02:43,001:relayer:INFO:password settings not changed
2021-04-30 05:02:43,002:relayer:INFO:Delivering new password to view
2021-04-30 05:02:43,642:relayer:INFO:Acessing model sets
2021-04-30 05:02:43,643:relayer:INFO:Exclude option activated
2021-04-30 05:02:43,644:relayer:INFO:password settings not changed
2021-04-30 05:02:43,644:relayer:INFO:Delivering new password to view
2021-04-30 05:02:44,316:relayer:INFO:Acessing model sets
2021-04-30 05:02:44,317:relayer:INFO:Exclude option activated
2021-04-30 05:02:44,318:relayer:INFO:password settings not changed
2021-04-30 05:02:44,318:relayer:INFO:Delivering new password to view
2021-04-30 05:02:45,572:relayer:INFO:Acessing model sets
2021-04-30 05:02:45,573:relayer:INFO:Exclude option activated
2021-04-30 05:02:45,574:relayer:INFO:password settings not changed
2021-04-30 05:02:45,574:relayer:INFO:Delivering new password to view
2021-04-30 05:02:46,345:relayer:INFO:Acessing model sets
2021-04-30 05:02:46,347:relayer:INFO:Exclude option activated
2021-04-30 05:02:46,347:relayer:INFO:password settings not changed
2021-04-30 05:02:46,348:relayer:INFO:Delivering new password to view
2021-04-30 05:02:47,029:relayer:INFO:Acessing model sets
2021-04-30 05:02:47,030:relayer:INFO:Exclude option activated
2021-04-30 05:02:47,031:relayer:INFO:password settings not changed
2021-04-30 05:02:47,031:relayer:INFO:Delivering new password to view
2021-04-30 05:02:47,598:relayer:INFO:Acessing model sets
2021-04-30 05:02:47,600:relayer:INFO:Exclude option activated
2021-04-30 05:02:47,600:relayer:INFO:password settings not changed
2021-04-30 05:02:47,601:relayer:INFO:Delivering new password to view
2021-04-30 05:02:47,989:relayer:INFO:Acessing model sets
2021-04-30 05:02:47,991:relayer:INFO:Exclude option activated
2021-04-30 05:02:47,992:relayer:INFO:password settings not changed
2021-04-30 05:02:47,992:relayer:INFO:Delivering new password to view
2021-04-30 05:02:48,382:relayer:INFO:Acessing model sets
2021-04-30 05:02:48,384:relayer:INFO:Exclude option activated
2021-04-30 05:02:48,384:relayer:INFO:password settings not changed
2021-04-30 05:02:48,384:relayer:INFO:Delivering new password to view
2021-04-30 05:02:48,789:relayer:INFO:Acessing model sets
2021-04-30 05:02:48,790:relayer:INFO:Exclude option activated
2021-04-30 05:02:48,791:relayer:INFO:password settings not changed
2021-04-30 05:02:48,791:relayer:INFO:Delivering new password to view
2021-04-30 05:02:49,140:relayer:INFO:Acessing model sets
2021-04-30 05:02:49,141:relayer:INFO:Exclude option activated
2021-04-30 05:02:49,142:relayer:INFO:password settings not changed
2021-04-30 05:02:49,142:relayer:INFO:Delivering new password to view
2021-04-30 05:02:49,767:relayer:INFO:Acessing model sets
2021-04-30 05:02:49,768:relayer:INFO:Exclude option activated
2021-04-30 05:02:49,769:relayer:INFO:password settings not changed
2021-04-30 05:02:49,769:relayer:INFO:Delivering new password to view
2021-04-30 05:02:51,904:relayer:INFO:Acessing model sets
2021-04-30 05:02:51,905:relayer:INFO:Exclude option activated
2021-04-30 05:02:51,906:relayer:INFO:password settings not changed
2021-04-30 05:02:51,906:relayer:INFO:Delivering new password to view
2021-04-30 05:03:01,798:relayer:INFO:Acessing model sets
2021-04-30 05:03:01,800:relayer:INFO:Exclude option activated
2021-04-30 05:03:01,800:relayer:INFO:password settings not changed
2021-04-30 05:03:01,801:relayer:INFO:Delivering new password to view
2021-04-30 05:03:02,711:relayer:INFO:Acessing model sets
2021-04-30 05:03:02,713:relayer:INFO:Exclude option activated
2021-04-30 05:03:02,713:relayer:INFO:password settings not changed
2021-04-30 05:03:02,714:relayer:INFO:Delivering new password to view
2021-04-30 05:03:03,570:relayer:INFO:Acessing model sets
2021-04-30 05:03:03,572:relayer:INFO:Exclude option activated
2021-04-30 05:03:03,572:relayer:INFO:password settings not changed
2021-04-30 05:03:03,573:relayer:INFO:Delivering new password to view
2021-04-30 05:03:05,018:relayer:INFO:Acessing model sets
2021-04-30 05:03:05,020:relayer:INFO:Exclude option activated
2021-04-30 05:03:05,020:relayer:INFO:password settings not changed
2021-04-30 05:03:05,021:relayer:INFO:Delivering new password to view
2021-04-30 05:03:14,648:relayer:INFO:Acessing model sets
2021-04-30 05:03:14,650:relayer:INFO:Exclude option activated
2021-04-30 05:03:14,651:relayer:INFO:password settings not changed
2021-04-30 05:03:14,651:relayer:INFO:Delivering new password to view
2021-04-30 05:03:15,039:relayer:INFO:Acessing model sets
2021-04-30 05:03:15,041:relayer:INFO:Exclude option activated
2021-04-30 05:03:15,041:relayer:INFO:password settings not changed
2021-04-30 05:03:15,042:relayer:INFO:Delivering new password to view
2021-04-30 05:03:15,489:relayer:INFO:Acessing model sets
2021-04-30 05:03:15,491:relayer:INFO:Exclude option activated
2021-04-30 05:03:15,491:relayer:INFO:password settings not changed
2021-04-30 05:03:15,492:relayer:INFO:Delivering new password to view
2021-04-30 05:03:16,084:relayer:INFO:Acessing model sets
2021-04-30 05:03:16,086:relayer:INFO:Exclude option activated
2021-04-30 05:03:16,086:relayer:INFO:password settings not changed
2021-04-30 05:03:16,087:relayer:INFO:Delivering new password to view
2021-04-30 05:03:17,095:relayer:INFO:Acessing model sets
2021-04-30 05:03:17,097:relayer:INFO:Exclude option activated
2021-04-30 05:03:17,097:relayer:INFO:password settings not changed
2021-04-30 05:03:17,098:relayer:INFO:Delivering new password to view
2021-04-30 05:03:17,482:relayer:INFO:Acessing model sets
2021-04-30 05:03:17,484:relayer:INFO:Exclude option activated
2021-04-30 05:03:17,484:relayer:INFO:password settings not changed
2021-04-30 05:03:17,485:relayer:INFO:Delivering new password to view
2021-04-30 05:03:17,777:relayer:INFO:Acessing model sets
2021-04-30 05:03:17,779:relayer:INFO:Exclude option activated
2021-04-30 05:03:17,779:relayer:INFO:password settings not changed
2021-04-30 05:03:17,780:relayer:INFO:Delivering new password to view
2021-04-30 05:03:18,068:relayer:INFO:Acessing model sets
2021-04-30 05:03:18,070:relayer:INFO:Exclude option activated
2021-04-30 05:03:18,070:relayer:INFO:password settings not changed
2021-04-30 05:03:18,071:relayer:INFO:Delivering new password to view
2021-04-30 05:03:18,351:relayer:INFO:Acessing model sets
2021-04-30 05:03:18,353:relayer:INFO:Exclude option activated
2021-04-30 05:03:18,353:relayer:INFO:password settings not changed
2021-04-30 05:03:18,354:relayer:INFO:Delivering new password to view
2021-04-30 05:03:18,675:relayer:INFO:Acessing model sets
2021-04-30 05:03:18,677:relayer:INFO:Exclude option activated
2021-04-30 05:03:18,677:relayer:INFO:password settings not changed
2021-04-30 05:03:18,678:relayer:INFO:Delivering new password to view
2021-04-30 05:03:18,939:relayer:INFO:Acessing model sets
2021-04-30 05:03:18,941:relayer:INFO:Exclude option activated
2021-04-30 05:03:18,941:relayer:INFO:password settings not changed
2021-04-30 05:03:18,942:relayer:INFO:Delivering new password to view
2021-04-30 05:03:19,234:relayer:INFO:Acessing model sets
2021-04-30 05:03:19,236:relayer:INFO:Exclude option activated
2021-04-30 05:03:19,236:relayer:INFO:password settings not changed
2021-04-30 05:03:19,237:relayer:INFO:Delivering new password to view
2021-04-30 05:03:19,813:relayer:INFO:Acessing model sets
2021-04-30 05:03:19,815:relayer:INFO:Exclude option activated
2021-04-30 05:03:19,815:relayer:INFO:password settings not changed
2021-04-30 05:03:19,816:relayer:INFO:Delivering new password to view
2021-04-30 05:03:20,810:relayer:INFO:Acessing model sets
2021-04-30 05:03:20,811:relayer:INFO:Exclude option activated
2021-04-30 05:03:20,812:relayer:INFO:password settings not changed
2021-04-30 05:03:20,812:relayer:INFO:Delivering new password to view
2021-04-30 05:03:21,394:relayer:INFO:Acessing model sets
2021-04-30 05:03:21,396:relayer:INFO:Exclude option activated
2021-04-30 05:03:21,397:relayer:INFO:password settings not changed
2021-04-30 05:03:21,397:relayer:INFO:Delivering new password to view
2021-04-30 05:03:22,076:relayer:INFO:Acessing model sets
2021-04-30 05:03:22,077:relayer:INFO:Exclude option activated
2021-04-30 05:03:22,078:relayer:INFO:password settings not changed
2021-04-30 05:03:22,078:relayer:INFO:Delivering new password to view
2021-04-30 05:03:25,060:relayer:INFO:Acessing model sets
2021-04-30 05:03:25,062:relayer:INFO:Exclude option activated
2021-04-30 05:03:25,062:relayer:INFO:password settings not changed
2021-04-30 05:03:25,063:relayer:INFO:Delivering new password to view
2021-04-30 05:03:25,545:relayer:INFO:Acessing model sets
2021-04-30 05:03:25,547:relayer:INFO:Exclude option activated
2021-04-30 05:03:25,548:relayer:INFO:password settings not changed
2021-04-30 05:03:25,548:relayer:INFO:Delivering new password to view
2021-04-30 05:03:25,921:relayer:INFO:Acessing model sets
2021-04-30 05:03:25,922:relayer:INFO:Exclude option activated
2021-04-30 05:03:25,923:relayer:INFO:password settings not changed
2021-04-30 05:03:25,923:relayer:INFO:Delivering new password to view
2021-04-30 05:03:26,383:relayer:INFO:Acessing model sets
2021-04-30 05:03:26,384:relayer:INFO:Exclude option activated
2021-04-30 05:03:26,385:relayer:INFO:password settings not changed
2021-04-30 05:03:26,385:relayer:INFO:Delivering new password to view
2021-04-30 05:03:26,913:relayer:INFO:Acessing model sets
2021-04-30 05:03:26,914:relayer:INFO:Exclude option activated
2021-04-30 05:03:26,915:relayer:INFO:password settings not changed
2021-04-30 05:03:26,915:relayer:INFO:Delivering new password to view
2021-04-30 05:03:27,470:relayer:INFO:Acessing model sets
2021-04-30 05:03:27,472:relayer:INFO:Exclude option activated
2021-04-30 05:03:27,472:relayer:INFO:password settings not changed
2021-04-30 05:03:27,473:relayer:INFO:Delivering new password to view
2021-04-30 05:03:28,749:relayer:INFO:Acessing model sets
2021-04-30 05:03:28,751:relayer:INFO:Exclude option activated
2021-04-30 05:03:28,751:relayer:INFO:password settings not changed
2021-04-30 05:03:28,752:relayer:INFO:Delivering new password to view
2021-04-30 05:03:29,017:relayer:INFO:Acessing model sets
2021-04-30 05:03:29,019:relayer:INFO:Exclude option activated
2021-04-30 05:03:29,019:relayer:INFO:password settings not changed
2021-04-30 05:03:29,020:relayer:INFO:Delivering new password to view
2021-04-30 05:03:29,480:relayer:INFO:Acessing model sets
2021-04-30 05:03:29,482:relayer:INFO:Exclude option activated
2021-04-30 05:03:29,482:relayer:INFO:password settings not changed
2021-04-30 05:03:29,483:relayer:INFO:Delivering new password to view
2021-04-30 05:03:30,109:relayer:INFO:Acessing model sets
2021-04-30 05:03:30,110:relayer:INFO:Exclude option activated
2021-04-30 05:03:30,111:relayer:INFO:password settings not changed
2021-04-30 05:03:30,111:relayer:INFO:Delivering new password to view
2021-04-30 05:03:30,466:relayer:INFO:Acessing model sets
2021-04-30 05:03:30,468:relayer:INFO:Exclude option activated
2021-04-30 05:03:30,468:relayer:INFO:password settings not changed
2021-04-30 05:03:30,469:relayer:INFO:Delivering new password to view
2021-04-30 05:03:30,907:relayer:INFO:Acessing model sets
2021-04-30 05:03:30,909:relayer:INFO:Exclude option activated
2021-04-30 05:03:30,910:relayer:INFO:password settings not changed
2021-04-30 05:03:30,910:relayer:INFO:Delivering new password to view
2021-04-30 05:03:31,280:relayer:INFO:Acessing model sets
2021-04-30 05:03:31,281:relayer:INFO:Exclude option activated
2021-04-30 05:03:31,282:relayer:INFO:password settings not changed
2021-04-30 05:03:31,282:relayer:INFO:Delivering new password to view
2021-04-30 05:03:32,454:relayer:INFO:Acessing model sets
2021-04-30 05:03:32,456:relayer:INFO:Exclude option activated
2021-04-30 05:03:32,456:relayer:INFO:password settings not changed
2021-04-30 05:03:32,456:relayer:INFO:Delivering new password to view
2021-04-30 05:03:32,954:relayer:INFO:Acessing model sets
2021-04-30 05:03:32,956:relayer:INFO:Exclude option activated
2021-04-30 05:03:32,956:relayer:INFO:password settings not changed
2021-04-30 05:03:32,957:relayer:INFO:Delivering new password to view
2021-04-30 05:03:33,966:relayer:INFO:Acessing model sets
2021-04-30 05:03:33,968:relayer:INFO:Exclude option activated
2021-04-30 05:03:33,968:relayer:INFO:password settings not changed
2021-04-30 05:03:33,969:relayer:INFO:Delivering new password to view
2021-04-30 05:03:34,248:relayer:INFO:Acessing model sets
2021-04-30 05:03:34,250:relayer:INFO:Exclude option activated
2021-04-30 05:03:34,250:relayer:INFO:password settings not changed
2021-04-30 05:03:34,251:relayer:INFO:Delivering new password to view
2021-04-30 05:03:34,500:relayer:INFO:Acessing model sets
2021-04-30 05:03:34,502:relayer:INFO:Exclude option activated
2021-04-30 05:03:34,503:relayer:INFO:password settings not changed
2021-04-30 05:03:34,503:relayer:INFO:Delivering new password to view
2021-04-30 05:03:45,129:relayer:INFO:Acessing model sets
2021-04-30 05:03:45,131:relayer:INFO:Exclude option activated
2021-04-30 05:03:45,131:relayer:INFO:password settings not changed
2021-04-30 05:03:45,132:relayer:INFO:Delivering new password to view
2021-04-30 05:03:45,776:relayer:INFO:Acessing model sets
2021-04-30 05:03:45,778:relayer:INFO:Exclude option activated
2021-04-30 05:03:45,779:relayer:INFO:password settings not changed
2021-04-30 05:03:45,779:relayer:INFO:Delivering new password to view
2021-04-30 05:03:46,840:relayer:INFO:Acessing model sets
2021-04-30 05:03:46,842:relayer:INFO:Exclude option activated
2021-04-30 05:03:46,842:relayer:INFO:password settings not changed
2021-04-30 05:03:46,843:relayer:INFO:Delivering new password to view
2021-04-30 05:03:47,563:relayer:INFO:Acessing model sets
2021-04-30 05:03:47,565:relayer:INFO:Exclude option activated
2021-04-30 05:03:47,565:relayer:INFO:password settings not changed
2021-04-30 05:03:47,566:relayer:INFO:Delivering new password to view
,468:relayer:INFO:Exclude option activated
2021-04-30 05:03:30,468:relayer:INFO:password settings not changed
2021-04-30 05:03:30,469:relayer:INFO:Delivering new password to view
2021-04-30 05:03:30,907:relayer:INFO:Acessing model sets
2021-04-30 05:03:30,909:relayer:INFO:Exclude option activated
2021-04-30 05:03:30,910:relayer:INFO:password settings not changed
2021-04-30 05:03:30,910:relayer:INFO:Delivering new password to view
2021-04-30 05:03:31,280:relayer:INFO:Acessing model sets
2021-04-30 05:03:31,281:relayer:INFO:Exclude option activated
2021-04-30 05:03:31,282:relayer:INFO:password settings not changed
2021-04-30 05:03:31,282:relayer:INFO:Delivering new password to view
2021-04-30 05:03:32,454:relayer:INFO:Acessing model sets
2021-04-30 05:03:32,456:relayer:INFO:Exclude option activated
2021-04-30 05:03:32,456:relayer:INFO:password settings not changed
2021-04-30 05:03:32,456:relayer:INFO:Delivering new password to view
2021-04-30 05:03:32,954:relayer:INFO:Acessing model sets
2021-04-30 05:03:32,956:relayer:INFO:Exclude option activated
2021-04-30 05:03:32,956:relayer:INFO:password settings not changed
2021-04-30 05:03:32,957:relayer:INFO:Delivering new password to view
2021-04-30 05:03:33,966:relayer:INFO:Acessing model sets
2021-04-30 05:03:33,968:relayer:INFO:Exclude option activated
2021-04-30 05:03:33,968:relayer:INFO:password settings not changed
2021-04-30 05:03:33,969:relayer:INFO:Delivering new password to view
2021-04-30 05:03:34,248:relayer:INFO:Acessing model sets
2021-04-30 05:03:34,250:relayer:INFO:Exclude option activated
2021-04-30 05:03:34,250:relayer:INFO:password settings not changed
2021-04-30 05:03:34,251:relayer:INFO:Delivering new password to view
2021-04-30 05:03:34,500:relayer:INFO:Acessing model sets
2021-04-30 05:03:34,502:relayer:INFO:Exclude option activated
2021-04-30 05:03:34,503:relayer:INFO:password settings not changed
2021-04-30 05:03:34,503:relayer:INFO:Delivering new password to view
2021-04-30 05:03:45,129:relayer:INFO:Acessing model sets
2021-04-30 05:03:45,131:relayer:INFO:Exclude option activated
2021-04-30 05:03:45,131:relayer:INFO:password settings not changed
2021-04-30 05:03:45,132:relayer:INFO:Delivering new password to view
2021-04-30 05:03:45,776:relayer:INFO:Acessing model sets
2021-04-30 05:03:45,778:relayer:INFO:Exclude option activated
2021-04-30 05:03:45,779:relayer:INFO:password settings not changed
2021-04-30 05:03:45,779:relayer:INFO:Delivering new password to view
2021-04-30 05:03:46,840:relayer:INFO:Acessing model sets
2021-04-30 05:03:46,842:relayer:INFO:Exclude option activated
2021-04-30 05:03:46,842:relayer:INFO:password settings not changed
2021-04-30 05:03:46,843:relayer:INFO:Delivering new password to view
2021-04-30 05:03:47,563:relayer:INFO:Acessing model sets
2021-04-30 05:03:47,565:relayer:INFO:Exclude option activated
2021-04-30 05:03:47,565:relayer:INFO:password settings not changed
2021-04-30 05:03:47,566:relayer:INFO:Delivering new password to view
O:Delivering new password to view
2021-04-30 05:03:45,129:relayer:INFO:Acessing model sets
2021-04-30 05:03:45,131:relayer:INFO:Exclude option activated
2021-04-30 05:03:45,131:relayer:INFO:password settings not changed
2021-04-30 05:03:45,132:relayer:INFO:Delivering new password to view
2021-04-30 05:03:45,776:relayer:INFO:Acessing model sets
2021-04-30 05:03:45,778:relayer:INFO:Exclude option activated
2021-04-30 05:03:45,779:relayer:INFO:password settings not changed
2021-04-30 05:03:45,779:relayer:INFO:Delivering new password to view
2021-04-30 05:03:46,840:relayer:INFO:Acessing model sets
2021-04-30 05:03:46,842:relayer:INFO:Exclude option activated
2021-04-30 05:03:46,842:relayer:INFO:password settings not changed
2021-04-30 05:03:46,843:relayer:INFO:Delivering new password to view
2021-04-30 05:03:47,563:relayer:INFO:Acessing model sets
2021-04-30 05:03:47,565:relayer:INFO:Exclude option activated
2021-04-30 05:03:47,565:relayer:INFO:password settings not changed
2021-04-30 05:03:47,566:relayer:INFO:Delivering new password to view
