2021-04-17 02:34:58,407:main_frame:INFO:Making window
2021-04-17 22:13:19,327:main_frame:INFO:Making window
2021-04-17 22:13:19,327:main_frame:INFO:Making window
2021-04-17 22:13:19,327:main_frame:INFO:Making window
2021-04-17 22:13:51,089:main_frame:INFO:Notifying updates to controller
2021-04-17 22:13:51,089:main_frame:INFO:Notifying updates to controller
2021-04-17 22:13:51,089:main_frame:INFO:Notifying updates to controller
2021-04-17 22:13:51,090:main_frame:DEBUG: numbers: 0 uppercase: 0 special: 0 exclude: 0
2021-04-17 22:13:51,090:main_frame:DEBUG: numbers: 0 uppercase: 0 special: 0 exclude: 0
2021-04-17 22:13:51,090:main_frame:DEBUG: numbers: 0 uppercase: 0 special: 0 exclude: 0
2021-04-17 22:13:51,090:main_frame:DEBUG:sent keyword ' this would fail' to controller
2021-04-17 22:13:51,090:main_frame:DEBUG:sent keyword ' this would fail' to controller
2021-04-17 22:13:51,090:main_frame:DEBUG:sent keyword ' this would fail' to controller
2021-04-17 22:13:51,090:main_frame:WARNING:Passoword needs to be scrolled
2021-04-17 22:13:51,090:main_frame:WARNING:Passoword needs to be scrolled
2021-04-17 22:13:51,090:main_frame:WARNING:Passoword needs to be scrolled
2021-04-17 22:13:51,091:main_frame:DEBUG:sent length 10 to controller
2021-04-17 22:13:51,091:main_frame:DEBUG:sent length 10 to controller
2021-04-17 22:13:51,091:main_frame:DEBUG:sent length 10 to controller
2021-04-17 22:13:51,091:main_frame:INFO:Displaying new password
2021-04-17 22:13:51,091:main_frame:INFO:Displaying new password
2021-04-17 22:13:51,091:main_frame:INFO:Displaying new password
2021-04-17 22:14:07,238:main_frame:INFO:Notifying updates to controller
2021-04-17 22:14:07,238:main_frame:INFO:Notifying updates to controller
2021-04-17 22:14:07,238:main_frame:INFO:Notifying updates to controller
2021-04-17 22:14:07,239:main_frame:DEBUG: numbers: 0 uppercase: 0 special: 0 exclude: 0
2021-04-17 22:14:07,239:main_frame:DEBUG: numbers: 0 uppercase: 0 special: 0 exclude: 0
2021-04-17 22:14:07,239:main_frame:DEBUG: numbers: 0 uppercase: 0 special: 0 exclude: 0
2021-04-17 22:14:07,239:main_frame:DEBUG:sent keyword "this would fail" to controller
2021-04-17 22:14:07,239:main_frame:DEBUG:sent keyword "this would fail" to controller
2021-04-17 22:14:07,239:main_frame:DEBUG:sent keyword "this would fail" to controller
2021-04-17 22:14:07,239:main_frame:WARNING:Passoword needs to be scrolled
2021-04-17 22:14:07,239:main_frame:WARNING:Passoword needs to be scrolled
2021-04-17 22:14:07,239:main_frame:WARNING:Passoword needs to be scrolled
2021-04-17 22:14:07,239:main_frame:DEBUG:sent length 10 to controller
2021-04-17 22:14:07,239:main_frame:DEBUG:sent length 10 to controller
2021-04-17 22:14:07,239:main_frame:DEBUG:sent length 10 to controller
2021-04-17 22:14:07,240:main_frame:INFO:Displaying new password
2021-04-17 22:14:07,240:main_frame:INFO:Displaying new password
2021-04-17 22:14:07,240:main_frame:INFO:Displaying new password
2021-04-17 23:03:11,059:main_frame:INFO:Making window
2021-04-17 23:03:11,059:main_frame:INFO:Making window
2021-04-17 23:03:11,059:main_frame:INFO:Making window
2021-04-17 23:03:11,059:main_frame:INFO:Making window
2021-04-17 23:03:11,059:main_frame:INFO:Making window
2021-04-17 23:05:59,825:main_frame:INFO:Making window
2021-04-17 23:05:59,825:main_frame:INFO:Making window
2021-04-17 23:05:59,825:main_frame:INFO:Making window
2021-04-17 23:05:59,825:main_frame:INFO:Making window
2021-04-17 23:05:59,825:main_frame:INFO:Making window
2021-04-17 23:05:59,825:main_frame:INFO:Making window
2021-04-17 23:05:59,825:main_frame:INFO:Making window
